Thu Jun 27 09:18:45 2024 thread 140196533397504 NOTICE MAIN ut release release V0.1.0
Thu Jun 27 09:18:48 2024 thread 140196533397504 NOTICE MAIN Initializing the thread pool...
Thu Jun 27 09:18:48 2024 thread 140196533397504 NOTICE MAIN spawned new thread for 0x555dc5283128. Total threads in pool: 1
Thu Jun 27 09:18:48 2024 thread 140196533397504 NOTICE MAIN Initializing the thread pool...
Thu Jun 27 09:18:48 2024 thread 140196533397504 NOTICE MAIN spawned new thread for 0x555dc5272e49. Total threads in pool: 1
Thu Jun 27 09:18:48 2024 thread 140196533397504 NOTICE MAIN Initializing the thread pool...
Thu Jun 27 09:18:48 2024 thread 140196533397504 NOTICE MAIN spawned new thread for 0x555dc53aa6ea. Total threads in pool: 1
Thu Jun 27 09:18:48 2024 thread 140196533397504 NOTICE MAIN spawned new thread for 0x555dc53aa6ea. Total threads in pool: 2
Thu Jun 27 09:18:48 2024 thread 140196533397504 NOTICE MAIN Initializing the thread pool...
Thu Jun 27 09:18:48 2024 thread 140196533397504 NOTICE MAIN spawned new thread for 0x555dc53879da. Total threads in pool: 1
Thu Jun 27 09:18:48 2024 thread 140193931421440 NOTICE DECAP Hi, I'm thread snd_bbframe_thread,threadid:0
Thu Jun 27 09:18:48 2024 thread 140193964992256 NOTICE DECAP Hi, I'm thread decapsulate_thread,threadid:0
Thu Jun 27 09:25:27 2024 thread 140668364802048 NOTICE MAIN ut release release V0.1.0
Thu Jun 27 09:25:29 2024 thread 140668364802048 NOTICE MAIN Initializing the thread pool...
Thu Jun 27 09:25:29 2024 thread 140668364802048 NOTICE MAIN spawned new thread for 0x5588a72e7128. Total threads in pool: 1
Thu Jun 27 09:25:29 2024 thread 140668364802048 NOTICE MAIN Initializing the thread pool...
Thu Jun 27 09:25:29 2024 thread 140665796396800 NOTICE DECAP Hi, I'm thread decapsulate_thread,threadid:0
Thu Jun 27 09:25:29 2024 thread 140668364802048 NOTICE MAIN spawned new thread for 0x5588a72d6e49. Total threads in pool: 1
Thu Jun 27 09:25:29 2024 thread 140668364802048 NOTICE MAIN Initializing the thread pool...
Thu Jun 27 09:25:29 2024 thread 140668364802048 NOTICE MAIN spawned new thread for 0x5588a740e6ea. Total threads in pool: 1
Thu Jun 27 09:25:29 2024 thread 140668364802048 NOTICE MAIN spawned new thread for 0x5588a740e6ea. Total threads in pool: 2
Thu Jun 27 09:25:29 2024 thread 140668364802048 NOTICE MAIN Initializing the thread pool...
Thu Jun 27 09:25:29 2024 thread 140668364802048 NOTICE MAIN spawned new thread for 0x5588a73eb9da. Total threads in pool: 1
Thu Jun 27 09:25:29 2024 thread 140665762825984 NOTICE DECAP Hi, I'm thread snd_bbframe_thread,threadid:0
Thu Jun 27 09:32:58 2024 thread 140575966791680 NOTICE MAIN ut release release V0.1.0
Thu Jun 27 09:32:59 2024 thread 140575966791680 NOTICE MAIN Initializing the thread pool...
Thu Jun 27 09:32:59 2024 thread 140575966791680 NOTICE MAIN spawned new thread for 0x556fde919128. Total threads in pool: 1
Thu Jun 27 09:32:59 2024 thread 140575966791680 NOTICE MAIN Initializing the thread pool...
Thu Jun 27 09:32:59 2024 thread 140573398386432 NOTICE DECAP Hi, I'm thread decapsulate_thread,threadid:0
Thu Jun 27 09:32:59 2024 thread 140575966791680 NOTICE MAIN spawned new thread for 0x556fde908e49. Total threads in pool: 1
Thu Jun 27 09:32:59 2024 thread 140575966791680 NOTICE MAIN Initializing the thread pool...
Thu Jun 27 09:32:59 2024 thread 140575966791680 NOTICE MAIN spawned new thread for 0x556fdea406ea. Total threads in pool: 1
Thu Jun 27 09:32:59 2024 thread 140575966791680 NOTICE MAIN spawned new thread for 0x556fdea406ea. Total threads in pool: 2
Thu Jun 27 09:32:59 2024 thread 140575966791680 NOTICE MAIN Initializing the thread pool...
Thu Jun 27 09:32:59 2024 thread 140575966791680 NOTICE MAIN spawned new thread for 0x556fdea1d9da. Total threads in pool: 1
Thu Jun 27 09:32:59 2024 thread 140573364815616 NOTICE DECAP Hi, I'm thread snd_bbframe_thread,threadid:0
Thu Jun 27 09:57:57 2024 thread 140526818514944 NOTICE MAIN ut release release V0.1.0
Thu Jun 27 09:57:58 2024 thread 140526818514944 NOTICE MAIN Initializing the thread pool...
Thu Jun 27 09:57:58 2024 thread 140526818514944 NOTICE MAIN spawned new thread for 0x55a6afe8b128. Total threads in pool: 1
Thu Jun 27 09:57:58 2024 thread 140526818514944 NOTICE MAIN Initializing the thread pool...
Thu Jun 27 09:57:58 2024 thread 140524250109696 NOTICE DECAP Hi, I'm thread decapsulate_thread,threadid:0
Thu Jun 27 09:57:58 2024 thread 140526818514944 NOTICE MAIN spawned new thread for 0x55a6afe7ae49. Total threads in pool: 1
Thu Jun 27 09:57:58 2024 thread 140526818514944 NOTICE MAIN Initializing the thread pool...
Thu Jun 27 09:57:58 2024 thread 140526818514944 NOTICE MAIN spawned new thread for 0x55a6affb26ea. Total threads in pool: 1
Thu Jun 27 09:57:58 2024 thread 140526818514944 NOTICE MAIN spawned new thread for 0x55a6affb26ea. Total threads in pool: 2
Thu Jun 27 09:57:58 2024 thread 140526818514944 NOTICE MAIN Initializing the thread pool...
Thu Jun 27 09:57:58 2024 thread 140526818514944 NOTICE MAIN spawned new thread for 0x55a6aff8f9da. Total threads in pool: 1
Thu Jun 27 09:57:58 2024 thread 140524216538880 NOTICE DECAP Hi, I'm thread snd_bbframe_thread,threadid:0
Fri Jun 28 02:13:29 2024 thread 140474756597760 NOTICE MAIN ut release release V0.1.0
Fri Jun 28 02:13:30 2024 thread 140474756597760 NOTICE MAIN Initializing the thread pool...
Fri Jun 28 02:13:30 2024 thread 140474756597760 NOTICE MAIN spawned new thread for 0x56004eaa4128. Total threads in pool: 1
Fri Jun 28 02:13:30 2024 thread 140474756597760 NOTICE MAIN Initializing the thread pool...
Fri Jun 28 02:13:30 2024 thread 140472188192512 NOTICE DECAP Hi, I'm thread decapsulate_thread,threadid:0
Fri Jun 28 02:13:30 2024 thread 140474756597760 NOTICE MAIN spawned new thread for 0x56004ea93e49. Total threads in pool: 1
Fri Jun 28 02:13:30 2024 thread 140474756597760 NOTICE MAIN Initializing the thread pool...
Fri Jun 28 02:13:30 2024 thread 140474756597760 NOTICE MAIN spawned new thread for 0x56004ebcb6ea. Total threads in pool: 1
Fri Jun 28 02:13:30 2024 thread 140474756597760 NOTICE MAIN spawned new thread for 0x56004ebcb6ea. Total threads in pool: 2
Fri Jun 28 02:13:30 2024 thread 140474756597760 NOTICE MAIN Initializing the thread pool...
Fri Jun 28 02:13:30 2024 thread 140474756597760 NOTICE MAIN spawned new thread for 0x56004eba89da. Total threads in pool: 1
Fri Jun 28 02:13:30 2024 thread 140472154621696 NOTICE DECAP Hi, I'm thread snd_bbframe_thread,threadid:0
Fri Jun 28 02:18:57 2024 thread 139728234616640 NOTICE MAIN ut release release V0.1.0
Fri Jun 28 02:18:58 2024 thread 139728234616640 NOTICE MAIN Initializing the thread pool...
Fri Jun 28 02:18:58 2024 thread 139728234616640 NOTICE MAIN spawned new thread for 0x55e7735cf098. Total threads in pool: 1
Fri Jun 28 02:18:58 2024 thread 139728234616640 NOTICE MAIN Initializing the thread pool...
Fri Jun 28 02:18:58 2024 thread 139725666211584 NOTICE DECAP Hi, I'm thread decapsulate_thread,threadid:0
Fri Jun 28 02:18:58 2024 thread 139728234616640 NOTICE MAIN spawned new thread for 0x55e7735bedb9. Total threads in pool: 1
Fri Jun 28 02:18:58 2024 thread 139728234616640 NOTICE MAIN Initializing the thread pool...
Fri Jun 28 02:18:58 2024 thread 139728234616640 NOTICE MAIN spawned new thread for 0x55e7736f6279. Total threads in pool: 1
Fri Jun 28 02:18:58 2024 thread 139728234616640 NOTICE MAIN spawned new thread for 0x55e7736f6279. Total threads in pool: 2
Fri Jun 28 02:18:58 2024 thread 139728234616640 NOTICE MAIN Initializing the thread pool...
Fri Jun 28 02:18:58 2024 thread 139728234616640 NOTICE MAIN spawned new thread for 0x55e7736d3569. Total threads in pool: 1
Fri Jun 28 02:18:58 2024 thread 139725632640768 NOTICE DECAP Hi, I'm thread snd_bbframe_thread,threadid:0
Fri Jun 28 02:23:50 2024 thread 139781632280384 NOTICE MAIN ut release release V0.1.0
Fri Jun 28 02:23:51 2024 thread 139781632280384 NOTICE MAIN Initializing the thread pool...
Fri Jun 28 02:23:51 2024 thread 139781632280384 NOTICE MAIN spawned new thread for 0x5617f1d50098. Total threads in pool: 1
Fri Jun 28 02:23:51 2024 thread 139781632280384 NOTICE MAIN Initializing the thread pool...
Fri Jun 28 02:23:51 2024 thread 139779063875328 NOTICE DECAP Hi, I'm thread decapsulate_thread,threadid:0
Fri Jun 28 02:23:51 2024 thread 139781632280384 NOTICE MAIN spawned new thread for 0x5617f1d3fdb9. Total threads in pool: 1
Fri Jun 28 02:23:51 2024 thread 139781632280384 NOTICE MAIN Initializing the thread pool...
Fri Jun 28 02:23:51 2024 thread 139781632280384 NOTICE MAIN spawned new thread for 0x5617f1e77279. Total threads in pool: 1
Fri Jun 28 02:23:51 2024 thread 139781632280384 NOTICE MAIN spawned new thread for 0x5617f1e77279. Total threads in pool: 2
Fri Jun 28 02:23:51 2024 thread 139781632280384 NOTICE MAIN Initializing the thread pool...
Fri Jun 28 02:23:51 2024 thread 139781632280384 NOTICE MAIN spawned new thread for 0x5617f1e54569. Total threads in pool: 1
Fri Jun 28 02:23:51 2024 thread 139779030304512 NOTICE DECAP Hi, I'm thread snd_bbframe_thread,threadid:0
Fri Jun 28 02:24:39 2024 thread 140040186898240 NOTICE MAIN ut release release V0.1.0
Fri Jun 28 02:24:40 2024 thread 140040186898240 NOTICE MAIN Initializing the thread pool...
Fri Jun 28 02:24:40 2024 thread 140040186898240 NOTICE MAIN spawned new thread for 0x55b2be8fd098. Total threads in pool: 1
Fri Jun 28 02:24:40 2024 thread 140040186898240 NOTICE MAIN Initializing the thread pool...
Fri Jun 28 02:24:40 2024 thread 140037618493184 NOTICE DECAP Hi, I'm thread decapsulate_thread,threadid:0
Fri Jun 28 02:24:40 2024 thread 140040186898240 NOTICE MAIN spawned new thread for 0x55b2be8ecdb9. Total threads in pool: 1
Fri Jun 28 02:24:40 2024 thread 140040186898240 NOTICE MAIN Initializing the thread pool...
Fri Jun 28 02:24:40 2024 thread 140040186898240 NOTICE MAIN spawned new thread for 0x55b2bea24279. Total threads in pool: 1
Fri Jun 28 02:24:40 2024 thread 140040186898240 NOTICE MAIN spawned new thread for 0x55b2bea24279. Total threads in pool: 2
Fri Jun 28 02:24:40 2024 thread 140040186898240 NOTICE MAIN Initializing the thread pool...
Fri Jun 28 02:24:40 2024 thread 140040186898240 NOTICE MAIN spawned new thread for 0x55b2bea01569. Total threads in pool: 1
Fri Jun 28 02:24:40 2024 thread 140037584922368 NOTICE DECAP Hi, I'm thread snd_bbframe_thread,threadid:0
Fri Jun 28 02:25:37 2024 thread 139820372555584 NOTICE MAIN ut release release V0.1.0
Fri Jun 28 02:25:38 2024 thread 139820372555584 NOTICE MAIN Initializing the thread pool...
Fri Jun 28 02:25:38 2024 thread 139820372555584 NOTICE MAIN spawned new thread for 0x557e9cdef098. Total threads in pool: 1
Fri Jun 28 02:25:38 2024 thread 139820372555584 NOTICE MAIN Initializing the thread pool...
Fri Jun 28 02:25:38 2024 thread 139817804150528 NOTICE DECAP Hi, I'm thread decapsulate_thread,threadid:0
Fri Jun 28 02:25:38 2024 thread 139820372555584 NOTICE MAIN spawned new thread for 0x557e9cddedb9. Total threads in pool: 1
Fri Jun 28 02:25:38 2024 thread 139820372555584 NOTICE MAIN Initializing the thread pool...
Fri Jun 28 02:25:38 2024 thread 139820372555584 NOTICE MAIN spawned new thread for 0x557e9cf16279. Total threads in pool: 1
Fri Jun 28 02:25:38 2024 thread 139820372555584 NOTICE MAIN spawned new thread for 0x557e9cf16279. Total threads in pool: 2
Fri Jun 28 02:25:38 2024 thread 139820372555584 NOTICE MAIN Initializing the thread pool...
Fri Jun 28 02:25:38 2024 thread 139820372555584 NOTICE MAIN spawned new thread for 0x557e9cef3569. Total threads in pool: 1
Fri Jun 28 02:25:38 2024 thread 139817770579712 NOTICE DECAP Hi, I'm thread snd_bbframe_thread,threadid:0
Fri Jun 28 02:27:34 2024 thread 139947029342016 NOTICE MAIN ut release release V0.1.0
Fri Jun 28 02:27:35 2024 thread 139947029342016 NOTICE MAIN Initializing the thread pool...
Fri Jun 28 02:27:35 2024 thread 139947029342016 NOTICE MAIN spawned new thread for 0x562acfa04098. Total threads in pool: 1
Fri Jun 28 02:27:35 2024 thread 139947029342016 NOTICE MAIN Initializing the thread pool...
Fri Jun 28 02:27:35 2024 thread 139944460936960 NOTICE DECAP Hi, I'm thread decapsulate_thread,threadid:0
Fri Jun 28 02:27:35 2024 thread 139947029342016 NOTICE MAIN spawned new thread for 0x562acf9f3db9. Total threads in pool: 1
Fri Jun 28 02:27:35 2024 thread 139947029342016 NOTICE MAIN Initializing the thread pool...
Fri Jun 28 02:27:35 2024 thread 139947029342016 NOTICE MAIN spawned new thread for 0x562acfb2b279. Total threads in pool: 1
Fri Jun 28 02:27:35 2024 thread 139947029342016 NOTICE MAIN spawned new thread for 0x562acfb2b279. Total threads in pool: 2
Fri Jun 28 02:27:35 2024 thread 139947029342016 NOTICE MAIN Initializing the thread pool...
Fri Jun 28 02:27:35 2024 thread 139947029342016 NOTICE MAIN spawned new thread for 0x562acfb08569. Total threads in pool: 1
Fri Jun 28 02:27:35 2024 thread 139944427366144 NOTICE DECAP Hi, I'm thread snd_bbframe_thread,threadid:0
Fri Jun 28 02:27:58 2024 thread 139894048302912 NOTICE MAIN ut release release V0.1.0
Fri Jun 28 02:27:59 2024 thread 139894048302912 NOTICE MAIN Initializing the thread pool...
Fri Jun 28 02:27:59 2024 thread 139894048302912 NOTICE MAIN spawned new thread for 0x5563d38ec098. Total threads in pool: 1
Fri Jun 28 02:27:59 2024 thread 139894048302912 NOTICE MAIN Initializing the thread pool...
Fri Jun 28 02:27:59 2024 thread 139891479897856 NOTICE DECAP Hi, I'm thread decapsulate_thread,threadid:0
Fri Jun 28 02:27:59 2024 thread 139894048302912 NOTICE MAIN spawned new thread for 0x5563d38dbdb9. Total threads in pool: 1
Fri Jun 28 02:27:59 2024 thread 139894048302912 NOTICE MAIN Initializing the thread pool...
Fri Jun 28 02:27:59 2024 thread 139894048302912 NOTICE MAIN spawned new thread for 0x5563d3a13279. Total threads in pool: 1
Fri Jun 28 02:27:59 2024 thread 139894048302912 NOTICE MAIN spawned new thread for 0x5563d3a13279. Total threads in pool: 2
Fri Jun 28 02:27:59 2024 thread 139894048302912 NOTICE MAIN Initializing the thread pool...
Fri Jun 28 02:27:59 2024 thread 139894048302912 NOTICE MAIN spawned new thread for 0x5563d39f0569. Total threads in pool: 1
Fri Jun 28 02:27:59 2024 thread 139891446327040 NOTICE DECAP Hi, I'm thread snd_bbframe_thread,threadid:0
Fri Jun 28 02:29:59 2024 thread 140246303680320 NOTICE MAIN ut release release V0.1.0
Fri Jun 28 02:30:00 2024 thread 140246303680320 NOTICE MAIN Initializing the thread pool...
Fri Jun 28 02:30:00 2024 thread 140246303680320 NOTICE MAIN spawned new thread for 0x55a374d7a098. Total threads in pool: 1
Fri Jun 28 02:30:00 2024 thread 140246303680320 NOTICE MAIN Initializing the thread pool...
Fri Jun 28 02:30:00 2024 thread 140243735275264 NOTICE DECAP Hi, I'm thread decapsulate_thread,threadid:0
Fri Jun 28 02:30:00 2024 thread 140246303680320 NOTICE MAIN spawned new thread for 0x55a374d69db9. Total threads in pool: 1
Fri Jun 28 02:30:00 2024 thread 140246303680320 NOTICE MAIN Initializing the thread pool...
Fri Jun 28 02:30:00 2024 thread 140246303680320 NOTICE MAIN spawned new thread for 0x55a374ea1279. Total threads in pool: 1
Fri Jun 28 02:30:00 2024 thread 140246303680320 NOTICE MAIN spawned new thread for 0x55a374ea1279. Total threads in pool: 2
Fri Jun 28 02:30:00 2024 thread 140246303680320 NOTICE MAIN Initializing the thread pool...
Fri Jun 28 02:30:00 2024 thread 140246303680320 NOTICE MAIN spawned new thread for 0x55a374e7e569. Total threads in pool: 1
Fri Jun 28 02:30:00 2024 thread 140243701704448 NOTICE DECAP Hi, I'm thread snd_bbframe_thread,threadid:0
Fri Jun 28 02:30:55 2024 thread 140352665511744 NOTICE MAIN ut release release V0.1.0
Fri Jun 28 02:30:56 2024 thread 140352665511744 NOTICE MAIN Initializing the thread pool...
Fri Jun 28 02:30:56 2024 thread 140352665511744 NOTICE MAIN spawned new thread for 0x56341d336098. Total threads in pool: 1
Fri Jun 28 02:30:56 2024 thread 140352665511744 NOTICE MAIN Initializing the thread pool...
Fri Jun 28 02:30:56 2024 thread 140350097106688 NOTICE DECAP Hi, I'm thread decapsulate_thread,threadid:0
Fri Jun 28 02:30:56 2024 thread 140352665511744 NOTICE MAIN spawned new thread for 0x56341d325db9. Total threads in pool: 1
Fri Jun 28 02:30:56 2024 thread 140352665511744 NOTICE MAIN Initializing the thread pool...
Fri Jun 28 02:30:56 2024 thread 140352665511744 NOTICE MAIN spawned new thread for 0x56341d45d279. Total threads in pool: 1
Fri Jun 28 02:30:56 2024 thread 140352665511744 NOTICE MAIN spawned new thread for 0x56341d45d279. Total threads in pool: 2
Fri Jun 28 02:30:56 2024 thread 140352665511744 NOTICE MAIN Initializing the thread pool...
Fri Jun 28 02:30:56 2024 thread 140352665511744 NOTICE MAIN spawned new thread for 0x56341d43a569. Total threads in pool: 1
Fri Jun 28 02:30:56 2024 thread 140350063535872 NOTICE DECAP Hi, I'm thread snd_bbframe_thread,threadid:0
Fri Jun 28 02:39:15 2024 thread 140106790455104 NOTICE MAIN ut release release V0.1.0
Fri Jun 28 02:39:16 2024 thread 140106790455104 NOTICE MAIN Initializing the thread pool...
Fri Jun 28 02:39:16 2024 thread 140106790455104 NOTICE MAIN spawned new thread for 0x55897ff72098. Total threads in pool: 1
Fri Jun 28 02:39:16 2024 thread 140106790455104 NOTICE MAIN Initializing the thread pool...
Fri Jun 28 02:39:16 2024 thread 140104222050048 NOTICE DECAP Hi, I'm thread decapsulate_thread,threadid:0
Fri Jun 28 02:39:16 2024 thread 140106790455104 NOTICE MAIN spawned new thread for 0x55897ff61db9. Total threads in pool: 1
Fri Jun 28 02:39:16 2024 thread 140106790455104 NOTICE MAIN Initializing the thread pool...
Fri Jun 28 02:39:16 2024 thread 140106790455104 NOTICE MAIN spawned new thread for 0x558980099279. Total threads in pool: 1
Fri Jun 28 02:39:16 2024 thread 140106790455104 NOTICE MAIN spawned new thread for 0x558980099279. Total threads in pool: 2
Fri Jun 28 02:39:16 2024 thread 140106790455104 NOTICE MAIN Initializing the thread pool...
Fri Jun 28 02:39:16 2024 thread 140106790455104 NOTICE MAIN spawned new thread for 0x558980076569. Total threads in pool: 1
Fri Jun 28 02:39:16 2024 thread 140104188479232 NOTICE DECAP Hi, I'm thread snd_bbframe_thread,threadid:0
Fri Jun 28 02:46:12 2024 thread 140318552397632 NOTICE MAIN ut release release V0.1.0
Fri Jun 28 02:46:13 2024 thread 140318552397632 NOTICE MAIN Initializing the thread pool...
Fri Jun 28 02:46:13 2024 thread 140318552397632 NOTICE MAIN spawned new thread for 0x55f09a46d098. Total threads in pool: 1
Fri Jun 28 02:46:13 2024 thread 140318552397632 NOTICE MAIN Initializing the thread pool...
Fri Jun 28 02:46:13 2024 thread 140315983992576 NOTICE DECAP Hi, I'm thread decapsulate_thread,threadid:0
Fri Jun 28 02:46:13 2024 thread 140318552397632 NOTICE MAIN spawned new thread for 0x55f09a45cdb9. Total threads in pool: 1
Fri Jun 28 02:46:13 2024 thread 140318552397632 NOTICE MAIN Initializing the thread pool...
Fri Jun 28 02:46:13 2024 thread 140318552397632 NOTICE MAIN spawned new thread for 0x55f09a594279. Total threads in pool: 1
Fri Jun 28 02:46:13 2024 thread 140318552397632 NOTICE MAIN spawned new thread for 0x55f09a594279. Total threads in pool: 2
Fri Jun 28 02:46:13 2024 thread 140318552397632 NOTICE MAIN Initializing the thread pool...
Fri Jun 28 02:46:13 2024 thread 140318552397632 NOTICE MAIN spawned new thread for 0x55f09a571569. Total threads in pool: 1
Fri Jun 28 02:46:13 2024 thread 140315950421760 NOTICE DECAP Hi, I'm thread snd_bbframe_thread,threadid:0
Fri Jun 28 03:17:35 2024 thread 140571492902720 NOTICE MAIN ut release release V0.1.0
Fri Jun 28 03:17:39 2024 thread 140571492902720 NOTICE MAIN Initializing the thread pool...
Fri Jun 28 03:17:39 2024 thread 140571492902720 NOTICE MAIN spawned new thread for 0x559b5b713098. Total threads in pool: 1
Fri Jun 28 03:17:39 2024 thread 140571492902720 NOTICE MAIN Initializing the thread pool...
Fri Jun 28 03:17:39 2024 thread 140571492902720 NOTICE MAIN spawned new thread for 0x559b5b702db9. Total threads in pool: 1
Fri Jun 28 03:17:39 2024 thread 140571492902720 NOTICE MAIN Initializing the thread pool...
Fri Jun 28 03:17:39 2024 thread 140571492902720 NOTICE MAIN spawned new thread for 0x559b5b83a279. Total threads in pool: 1
Fri Jun 28 03:17:39 2024 thread 140571492902720 NOTICE MAIN spawned new thread for 0x559b5b83a279. Total threads in pool: 2
Fri Jun 28 03:17:39 2024 thread 140571492902720 NOTICE MAIN Initializing the thread pool...
Fri Jun 28 03:17:39 2024 thread 140571492902720 NOTICE MAIN spawned new thread for 0x559b5b817569. Total threads in pool: 1
Fri Jun 28 03:17:39 2024 thread 140568890926848 NOTICE DECAP Hi, I'm thread snd_bbframe_thread,threadid:0
Fri Jun 28 03:17:39 2024 thread 140568924497664 NOTICE DECAP Hi, I'm thread decapsulate_thread,threadid:0
Fri Jun 28 03:25:49 2024 thread 139657868920640 NOTICE MAIN ut release release V0.1.0
Fri Jun 28 03:25:50 2024 thread 139657868920640 NOTICE MAIN Initializing the thread pool...
Fri Jun 28 03:25:50 2024 thread 139657868920640 NOTICE MAIN spawned new thread for 0x5626a527f098. Total threads in pool: 1
Fri Jun 28 03:25:50 2024 thread 139657868920640 NOTICE MAIN Initializing the thread pool...
Fri Jun 28 03:25:50 2024 thread 139655300515584 NOTICE DECAP Hi, I'm thread decapsulate_thread,threadid:0
Fri Jun 28 03:25:50 2024 thread 139657868920640 NOTICE MAIN spawned new thread for 0x5626a526edb9. Total threads in pool: 1
Fri Jun 28 03:25:50 2024 thread 139657868920640 NOTICE MAIN Initializing the thread pool...
Fri Jun 28 03:25:50 2024 thread 139657868920640 NOTICE MAIN spawned new thread for 0x5626a53a6279. Total threads in pool: 1
Fri Jun 28 03:25:50 2024 thread 139657868920640 NOTICE MAIN spawned new thread for 0x5626a53a6279. Total threads in pool: 2
Fri Jun 28 03:25:50 2024 thread 139657868920640 NOTICE MAIN Initializing the thread pool...
Fri Jun 28 03:25:50 2024 thread 139657868920640 NOTICE MAIN spawned new thread for 0x5626a5383569. Total threads in pool: 1
Fri Jun 28 03:25:50 2024 thread 139655266944768 NOTICE DECAP Hi, I'm thread snd_bbframe_thread,threadid:0
Fri Jun 28 05:41:30 2024 thread 140380152633152 NOTICE MAIN ut release release V0.1.0
Fri Jun 28 05:41:32 2024 thread 140380152633152 NOTICE MAIN Initializing the thread pool...
Fri Jun 28 05:41:32 2024 thread 140380152633152 NOTICE MAIN spawned new thread for 0x56040fa3b098. Total threads in pool: 1
Fri Jun 28 05:41:32 2024 thread 140380152633152 NOTICE MAIN Initializing the thread pool...
Fri Jun 28 05:41:32 2024 thread 140377584228096 NOTICE DECAP Hi, I'm thread decapsulate_thread,threadid:0
Fri Jun 28 05:41:32 2024 thread 140380152633152 NOTICE MAIN spawned new thread for 0x56040fa2adb9. Total threads in pool: 1
Fri Jun 28 05:41:32 2024 thread 140380152633152 NOTICE MAIN Initializing the thread pool...
Fri Jun 28 05:41:32 2024 thread 140380152633152 NOTICE MAIN spawned new thread for 0x56040fb62268. Total threads in pool: 1
Fri Jun 28 05:41:32 2024 thread 140380152633152 NOTICE MAIN spawned new thread for 0x56040fb62268. Total threads in pool: 2
Fri Jun 28 05:41:32 2024 thread 140380152633152 NOTICE MAIN Initializing the thread pool...
Fri Jun 28 05:41:32 2024 thread 140380152633152 NOTICE MAIN spawned new thread for 0x56040fb3f558. Total threads in pool: 1
Fri Jun 28 05:41:32 2024 thread 140377550657280 NOTICE DECAP Hi, I'm thread snd_bbframe_thread,threadid:0
Tue Jul  2 01:43:12 2024 thread 140537524684608 NOTICE MAIN ut release release V0.1.0
Tue Jul  2 01:43:14 2024 thread 140537524684608 NOTICE MAIN Initializing the thread pool...
Tue Jul  2 01:43:14 2024 thread 140537524684608 NOTICE MAIN spawned new thread for 0x5642797b0098. Total threads in pool: 1
Tue Jul  2 01:43:14 2024 thread 140537524684608 NOTICE MAIN Initializing the thread pool...
Tue Jul  2 01:43:14 2024 thread 140537524684608 NOTICE MAIN spawned new thread for 0x56427979fdb9. Total threads in pool: 1
Tue Jul  2 01:43:14 2024 thread 140537524684608 NOTICE MAIN Initializing the thread pool...
Tue Jul  2 01:43:14 2024 thread 140537524684608 NOTICE MAIN spawned new thread for 0x5642798d7268. Total threads in pool: 1
Tue Jul  2 01:43:14 2024 thread 140534956279552 NOTICE DECAP Hi, I'm thread decapsulate_thread,threadid:0
Tue Jul  2 01:43:14 2024 thread 140537524684608 NOTICE MAIN spawned new thread for 0x5642798d7268. Total threads in pool: 2
Tue Jul  2 01:43:14 2024 thread 140537524684608 NOTICE MAIN Initializing the thread pool...
Tue Jul  2 01:43:14 2024 thread 140537524684608 NOTICE MAIN spawned new thread for 0x5642798b4558. Total threads in pool: 1
Tue Jul  2 01:43:14 2024 thread 140534922708736 NOTICE DECAP Hi, I'm thread snd_bbframe_thread,threadid:0
Tue Jul  2 01:49:29 2024 thread 140675768850240 NOTICE MAIN ut release release V0.1.0
Tue Jul  2 01:49:30 2024 thread 140675768850240 NOTICE MAIN Initializing the thread pool...
Tue Jul  2 01:49:30 2024 thread 140675768850240 NOTICE MAIN spawned new thread for 0x55d2e322f098. Total threads in pool: 1
Tue Jul  2 01:49:30 2024 thread 140675768850240 NOTICE MAIN Initializing the thread pool...
Tue Jul  2 01:49:30 2024 thread 140673200445184 NOTICE DECAP Hi, I'm thread decapsulate_thread,threadid:0
Tue Jul  2 01:49:30 2024 thread 140675768850240 NOTICE MAIN spawned new thread for 0x55d2e321edb9. Total threads in pool: 1
Tue Jul  2 01:49:30 2024 thread 140675768850240 NOTICE MAIN Initializing the thread pool...
Tue Jul  2 01:49:30 2024 thread 140675768850240 NOTICE MAIN spawned new thread for 0x55d2e3356268. Total threads in pool: 1
Tue Jul  2 01:49:30 2024 thread 140675768850240 NOTICE MAIN spawned new thread for 0x55d2e3356268. Total threads in pool: 2
Tue Jul  2 01:49:30 2024 thread 140675768850240 NOTICE MAIN Initializing the thread pool...
Tue Jul  2 01:49:30 2024 thread 140675768850240 NOTICE MAIN spawned new thread for 0x55d2e3333558. Total threads in pool: 1
Tue Jul  2 01:49:30 2024 thread 140673166874368 NOTICE DECAP Hi, I'm thread snd_bbframe_thread,threadid:0
Tue Jul  2 02:02:16 2024 thread 140068029544256 NOTICE MAIN ut release release V0.1.0
Tue Jul  2 02:02:17 2024 thread 140068029544256 NOTICE MAIN Initializing the thread pool...
Tue Jul  2 02:02:17 2024 thread 140068029544256 NOTICE MAIN spawned new thread for 0x56086fbc7098. Total threads in pool: 1
Tue Jul  2 02:02:17 2024 thread 140068029544256 NOTICE MAIN Initializing the thread pool...
Tue Jul  2 02:02:17 2024 thread 140065461139200 NOTICE DECAP Hi, I'm thread decapsulate_thread,threadid:0
Tue Jul  2 02:02:17 2024 thread 140068029544256 NOTICE MAIN spawned new thread for 0x56086fbb6db9. Total threads in pool: 1
Tue Jul  2 02:02:17 2024 thread 140068029544256 NOTICE MAIN Initializing the thread pool...
Tue Jul  2 02:02:17 2024 thread 140068029544256 NOTICE MAIN spawned new thread for 0x56086fcee268. Total threads in pool: 1
Tue Jul  2 02:02:17 2024 thread 140068029544256 NOTICE MAIN spawned new thread for 0x56086fcee268. Total threads in pool: 2
Tue Jul  2 02:02:17 2024 thread 140068029544256 NOTICE MAIN Initializing the thread pool...
Tue Jul  2 02:02:17 2024 thread 140068029544256 NOTICE MAIN spawned new thread for 0x56086fccb558. Total threads in pool: 1
Tue Jul  2 02:02:17 2024 thread 140065427568384 NOTICE DECAP Hi, I'm thread snd_bbframe_thread,threadid:0
Tue Jul  2 05:25:43 2024 thread 139992966432576 NOTICE MAIN ut release release V0.1.0
Tue Jul  2 05:25:46 2024 thread 139992966432576 NOTICE MAIN Initializing the thread pool...
Tue Jul  2 05:25:46 2024 thread 139992966432576 NOTICE MAIN spawned new thread for 0x562be7a70098. Total threads in pool: 1
Tue Jul  2 05:25:46 2024 thread 139992966432576 NOTICE MAIN Initializing the thread pool...
Tue Jul  2 05:25:46 2024 thread 139992966432576 NOTICE MAIN spawned new thread for 0x562be7a5fdb9. Total threads in pool: 1
Tue Jul  2 05:25:46 2024 thread 139992966432576 NOTICE MAIN Initializing the thread pool...
Tue Jul  2 05:25:46 2024 thread 139992966432576 NOTICE MAIN spawned new thread for 0x562be7b97268. Total threads in pool: 1
Tue Jul  2 05:25:46 2024 thread 139990188312320 NOTICE DECAP Hi, I'm thread decapsulate_thread,threadid:0
Tue Jul  2 05:25:46 2024 thread 139992966432576 NOTICE MAIN spawned new thread for 0x562be7b97268. Total threads in pool: 2
Tue Jul  2 05:25:46 2024 thread 139992966432576 NOTICE MAIN Initializing the thread pool...
Tue Jul  2 05:25:46 2024 thread 139992966432576 NOTICE MAIN spawned new thread for 0x562be7b74558. Total threads in pool: 1
Tue Jul  2 05:25:46 2024 thread 139990154741504 NOTICE DECAP Hi, I'm thread snd_bbframe_thread,threadid:0
Tue Jul  2 05:26:40 2024 thread 140028998588224 NOTICE MAIN ut release release V0.1.0
Tue Jul  2 05:26:41 2024 thread 140028998588224 NOTICE MAIN Initializing the thread pool...
Tue Jul  2 05:26:41 2024 thread 140028998588224 NOTICE MAIN spawned new thread for 0x55e863ec9072. Total threads in pool: 1
Tue Jul  2 05:26:41 2024 thread 140028998588224 NOTICE MAIN Initializing the thread pool...
Tue Jul  2 05:26:41 2024 thread 140026430183168 NOTICE DECAP Hi, I'm thread decapsulate_thread,threadid:0
Tue Jul  2 05:26:41 2024 thread 140028998588224 NOTICE MAIN spawned new thread for 0x55e863eb8d93. Total threads in pool: 1
Tue Jul  2 05:26:41 2024 thread 140028998588224 NOTICE MAIN Initializing the thread pool...
Tue Jul  2 05:26:41 2024 thread 140028998588224 NOTICE MAIN spawned new thread for 0x55e863ff0266. Total threads in pool: 1
Tue Jul  2 05:26:41 2024 thread 140028998588224 NOTICE MAIN spawned new thread for 0x55e863ff0266. Total threads in pool: 2
Tue Jul  2 05:26:41 2024 thread 140028998588224 NOTICE MAIN Initializing the thread pool...
Tue Jul  2 05:26:41 2024 thread 140028998588224 NOTICE MAIN spawned new thread for 0x55e863fcd556. Total threads in pool: 1
Tue Jul  2 05:26:41 2024 thread 140026396612352 NOTICE DECAP Hi, I'm thread snd_bbframe_thread,threadid:0
Tue Jul  2 05:39:46 2024 thread 140537805174592 NOTICE MAIN ut release release V0.1.0
Tue Jul  2 05:39:47 2024 thread 140537805174592 NOTICE MAIN Initializing the thread pool...
Tue Jul  2 05:39:47 2024 thread 140537805174592 NOTICE MAIN spawned new thread for 0x55d83fa6b072. Total threads in pool: 1
Tue Jul  2 05:39:47 2024 thread 140537805174592 NOTICE MAIN Initializing the thread pool...
Tue Jul  2 05:39:47 2024 thread 140535236769536 NOTICE DECAP Hi, I'm thread decapsulate_thread,threadid:0
Tue Jul  2 05:39:47 2024 thread 140537805174592 NOTICE MAIN spawned new thread for 0x55d83fa5ad93. Total threads in pool: 1
Tue Jul  2 05:39:47 2024 thread 140537805174592 NOTICE MAIN Initializing the thread pool...
Tue Jul  2 05:39:47 2024 thread 140537805174592 NOTICE MAIN spawned new thread for 0x55d83fb92266. Total threads in pool: 1
Tue Jul  2 05:39:47 2024 thread 140537805174592 NOTICE MAIN spawned new thread for 0x55d83fb92266. Total threads in pool: 2
Tue Jul  2 05:39:47 2024 thread 140537805174592 NOTICE MAIN Initializing the thread pool...
Tue Jul  2 05:39:47 2024 thread 140537805174592 NOTICE MAIN spawned new thread for 0x55d83fb6f556. Total threads in pool: 1
Tue Jul  2 05:39:47 2024 thread 140535203198720 NOTICE DECAP Hi, I'm thread snd_bbframe_thread,threadid:0
Tue Jul  2 05:50:18 2024 thread 140436096759616 NOTICE MAIN ut release release V0.1.0
Tue Jul  2 05:50:19 2024 thread 140436096759616 NOTICE MAIN Initializing the thread pool...
Tue Jul  2 05:50:19 2024 thread 140436096759616 NOTICE MAIN spawned new thread for 0x55d1c845f072. Total threads in pool: 1
Tue Jul  2 05:50:19 2024 thread 140436096759616 NOTICE MAIN Initializing the thread pool...
Tue Jul  2 05:50:19 2024 thread 140433528354560 NOTICE DECAP Hi, I'm thread decapsulate_thread,threadid:0
Tue Jul  2 05:50:19 2024 thread 140436096759616 NOTICE MAIN spawned new thread for 0x55d1c844ed93. Total threads in pool: 1
Tue Jul  2 05:50:19 2024 thread 140436096759616 NOTICE MAIN Initializing the thread pool...
Tue Jul  2 05:50:19 2024 thread 140436096759616 NOTICE MAIN spawned new thread for 0x55d1c8586266. Total threads in pool: 1
Tue Jul  2 05:50:19 2024 thread 140436096759616 NOTICE MAIN spawned new thread for 0x55d1c8586266. Total threads in pool: 2
Tue Jul  2 05:50:19 2024 thread 140436096759616 NOTICE MAIN Initializing the thread pool...
Tue Jul  2 05:50:19 2024 thread 140436096759616 NOTICE MAIN spawned new thread for 0x55d1c8563556. Total threads in pool: 1
Tue Jul  2 05:50:19 2024 thread 140433494783744 NOTICE DECAP Hi, I'm thread snd_bbframe_thread,threadid:0
Tue Jul  2 07:40:31 2024 thread 140433528354560 WARN MAIN free conflict pdu 1
Tue Jul  2 07:40:31 2024 thread 140433528354560 WARN MAIN free conflict pdu 1
Tue Jul  2 07:40:32 2024 thread 140433528354560 WARN MAIN free conflict pdu 1
Tue Jul  2 07:40:32 2024 thread 140433528354560 WARN MAIN free conflict pdu 1
Tue Jul  2 07:40:32 2024 thread 140433528354560 WARN MAIN free conflict pdu 1
Tue Jul  2 07:40:32 2024 thread 140433528354560 WARN MAIN free conflict pdu 1
Tue Jul  2 07:40:33 2024 thread 140433528354560 WARN MAIN free conflict pdu 1
Tue Jul  2 07:40:35 2024 thread 140433528354560 WARN MAIN free conflict pdu 1
Tue Jul  2 07:40:35 2024 thread 140433528354560 WARN MAIN free conflict pdu 1
Tue Jul  2 07:40:36 2024 thread 140433528354560 WARN MAIN free conflict pdu 1
Tue Jul  2 07:40:36 2024 thread 140433528354560 WARN MAIN free conflict pdu 1
Tue Jul  2 07:40:36 2024 thread 140433528354560 WARN MAIN free conflict pdu 1
Tue Jul  2 07:40:37 2024 thread 140433528354560 WARN MAIN free conflict pdu 1
Tue Jul  2 07:40:37 2024 thread 140433528354560 WARN MAIN free conflict pdu 1
Tue Jul  2 07:40:38 2024 thread 140433528354560 WARN MAIN free conflict pdu 1
Tue Jul  2 07:40:38 2024 thread 140433528354560 WARN MAIN free conflict pdu 1
Tue Jul  2 07:40:38 2024 thread 140433528354560 WARN MAIN free conflict pdu 1
Tue Jul  2 07:40:38 2024 thread 140433528354560 WARN MAIN free conflict pdu 1
Tue Jul  2 07:40:39 2024 thread 140433528354560 WARN MAIN free conflict pdu 1
Tue Jul  2 07:40:40 2024 thread 140433528354560 WARN MAIN free conflict pdu 1
Tue Jul  2 07:48:23 2024 thread 139688268064576 NOTICE MAIN ut release release V0.1.0
Tue Jul  2 07:48:24 2024 thread 139688268064576 NOTICE MAIN Initializing the thread pool...
Tue Jul  2 07:48:24 2024 thread 139688268064576 NOTICE MAIN spawned new thread for 0x55c64758d072. Total threads in pool: 1
Tue Jul  2 07:48:24 2024 thread 139688268064576 NOTICE MAIN Initializing the thread pool...
Tue Jul  2 07:48:24 2024 thread 139685699659520 NOTICE DECAP Hi, I'm thread decapsulate_thread,threadid:0
Tue Jul  2 07:48:24 2024 thread 139688268064576 NOTICE MAIN spawned new thread for 0x55c64757cd93. Total threads in pool: 1
Tue Jul  2 07:48:24 2024 thread 139688268064576 NOTICE MAIN Initializing the thread pool...
Tue Jul  2 07:48:24 2024 thread 139688268064576 NOTICE MAIN spawned new thread for 0x55c6476b4266. Total threads in pool: 1
Tue Jul  2 07:48:24 2024 thread 139688268064576 NOTICE MAIN spawned new thread for 0x55c6476b4266. Total threads in pool: 2
Tue Jul  2 07:48:24 2024 thread 139688268064576 NOTICE MAIN Initializing the thread pool...
Tue Jul  2 07:48:24 2024 thread 139688268064576 NOTICE MAIN spawned new thread for 0x55c647691556. Total threads in pool: 1
Tue Jul  2 07:48:24 2024 thread 139685666088704 NOTICE DECAP Hi, I'm thread snd_bbframe_thread,threadid:0
Tue Jul  2 07:55:38 2024 thread 140503034337088 NOTICE MAIN ut release release V0.1.0
Tue Jul  2 07:55:40 2024 thread 140503034337088 NOTICE MAIN Initializing the thread pool...
Tue Jul  2 07:55:40 2024 thread 140503034337088 NOTICE MAIN spawned new thread for 0x5570b5c42072. Total threads in pool: 1
Tue Jul  2 07:55:40 2024 thread 140503034337088 NOTICE MAIN Initializing the thread pool...
Tue Jul  2 07:55:40 2024 thread 140500465932032 NOTICE DECAP Hi, I'm thread decapsulate_thread,threadid:0
Tue Jul  2 07:55:40 2024 thread 140503034337088 NOTICE MAIN spawned new thread for 0x5570b5c31d93. Total threads in pool: 1
Tue Jul  2 07:55:40 2024 thread 140503034337088 NOTICE MAIN Initializing the thread pool...
Tue Jul  2 07:55:40 2024 thread 140503034337088 NOTICE MAIN spawned new thread for 0x5570b5d69266. Total threads in pool: 1
Tue Jul  2 07:55:40 2024 thread 140503034337088 NOTICE MAIN spawned new thread for 0x5570b5d69266. Total threads in pool: 2
Tue Jul  2 07:55:40 2024 thread 140503034337088 NOTICE MAIN Initializing the thread pool...
Tue Jul  2 07:55:40 2024 thread 140503034337088 NOTICE MAIN spawned new thread for 0x5570b5d46556. Total threads in pool: 1
Tue Jul  2 07:55:40 2024 thread 140500432361216 NOTICE DECAP Hi, I'm thread snd_bbframe_thread,threadid:0
Tue Jul  2 07:57:22 2024 thread 140500465932032 WARN MAIN free conflict pdu 1
Tue Jul  2 08:02:22 2024 thread 140737354004288 NOTICE MAIN ut release release V0.1.0
Tue Jul  2 08:02:24 2024 thread 140737354004288 NOTICE MAIN Initializing the thread pool...
Tue Jul  2 08:02:24 2024 thread 140737354004288 NOTICE MAIN spawned new thread for 0x5555555a9072. Total threads in pool: 1
Tue Jul  2 08:02:24 2024 thread 140737354004288 NOTICE MAIN Initializing the thread pool...
Tue Jul  2 08:02:24 2024 thread 140734785615616 NOTICE DECAP Hi, I'm thread decapsulate_thread,threadid:0
Tue Jul  2 08:02:24 2024 thread 140737354004288 NOTICE MAIN spawned new thread for 0x555555598d93. Total threads in pool: 1
Tue Jul  2 08:02:25 2024 thread 140737354004288 NOTICE MAIN Initializing the thread pool...
Tue Jul  2 08:02:25 2024 thread 140737354004288 NOTICE MAIN spawned new thread for 0x5555556d0266. Total threads in pool: 1
Tue Jul  2 08:02:25 2024 thread 140737354004288 NOTICE MAIN spawned new thread for 0x5555556d0266. Total threads in pool: 2
Tue Jul  2 08:02:25 2024 thread 140737354004288 NOTICE MAIN Initializing the thread pool...
Tue Jul  2 08:02:25 2024 thread 140734752044800 NOTICE DECAP Hi, I'm thread snd_bbframe_thread,threadid:0
Tue Jul  2 08:02:25 2024 thread 140737354004288 NOTICE MAIN spawned new thread for 0x5555556ad556. Total threads in pool: 1
Tue Jul  2 08:02:49 2024 thread 140734785615616 WARN MAIN free conflict pdu 1
Tue Jul  2 08:04:09 2024 thread 140737354004288 NOTICE MAIN ut release release V0.1.0
Tue Jul  2 08:04:10 2024 thread 140737354004288 NOTICE MAIN Initializing the thread pool...
Tue Jul  2 08:04:10 2024 thread 140734785615616 NOTICE DECAP Hi, I'm thread decapsulate_thread,threadid:0
Tue Jul  2 08:04:10 2024 thread 140737354004288 NOTICE MAIN spawned new thread for 0x5555555a9072. Total threads in pool: 1
Tue Jul  2 08:04:10 2024 thread 140737354004288 NOTICE MAIN Initializing the thread pool...
Tue Jul  2 08:04:10 2024 thread 140737354004288 NOTICE MAIN spawned new thread for 0x555555598d93. Total threads in pool: 1
Tue Jul  2 08:04:10 2024 thread 140737354004288 NOTICE MAIN Initializing the thread pool...
Tue Jul  2 08:04:10 2024 thread 140737354004288 NOTICE MAIN spawned new thread for 0x5555556d0266. Total threads in pool: 1
Tue Jul  2 08:04:10 2024 thread 140737354004288 NOTICE MAIN spawned new thread for 0x5555556d0266. Total threads in pool: 2
Tue Jul  2 08:04:10 2024 thread 140737354004288 NOTICE MAIN Initializing the thread pool...
Tue Jul  2 08:04:10 2024 thread 140737354004288 NOTICE MAIN spawned new thread for 0x5555556ad556. Total threads in pool: 1
Tue Jul  2 08:04:10 2024 thread 140734752044800 NOTICE DECAP Hi, I'm thread snd_bbframe_thread,threadid:0
Tue Jul  2 08:08:48 2024 thread 140737354004288 NOTICE MAIN ut release release V0.1.0
Tue Jul  2 08:08:49 2024 thread 140737354004288 NOTICE MAIN Initializing the thread pool...
Tue Jul  2 08:08:49 2024 thread 140737354004288 NOTICE MAIN spawned new thread for 0x5555555a9072. Total threads in pool: 1
Tue Jul  2 08:08:49 2024 thread 140734785615616 NOTICE DECAP Hi, I'm thread decapsulate_thread,threadid:0
Tue Jul  2 08:08:49 2024 thread 140737354004288 NOTICE MAIN Initializing the thread pool...
Tue Jul  2 08:08:49 2024 thread 140737354004288 NOTICE MAIN spawned new thread for 0x555555598d93. Total threads in pool: 1
Tue Jul  2 08:08:49 2024 thread 140737354004288 NOTICE MAIN Initializing the thread pool...
Tue Jul  2 08:08:49 2024 thread 140737354004288 NOTICE MAIN spawned new thread for 0x5555556d0266. Total threads in pool: 1
Tue Jul  2 08:08:49 2024 thread 140737354004288 NOTICE MAIN spawned new thread for 0x5555556d0266. Total threads in pool: 2
Tue Jul  2 08:08:49 2024 thread 140737354004288 NOTICE MAIN Initializing the thread pool...
Tue Jul  2 08:08:49 2024 thread 140737354004288 NOTICE MAIN spawned new thread for 0x5555556ad556. Total threads in pool: 1
Tue Jul  2 08:08:49 2024 thread 140734752044800 NOTICE DECAP Hi, I'm thread snd_bbframe_thread,threadid:0
Tue Jul  2 08:13:25 2024 thread 140737354004288 NOTICE MAIN ut release release V0.1.0
Tue Jul  2 08:13:26 2024 thread 140737354004288 NOTICE MAIN Initializing the thread pool...
Tue Jul  2 08:13:26 2024 thread 140737354004288 NOTICE MAIN spawned new thread for 0x5555555a9072. Total threads in pool: 1
Tue Jul  2 08:13:26 2024 thread 140734785615616 NOTICE DECAP Hi, I'm thread decapsulate_thread,threadid:0
Tue Jul  2 08:13:26 2024 thread 140737354004288 NOTICE MAIN Initializing the thread pool...
Tue Jul  2 08:13:26 2024 thread 140737354004288 NOTICE MAIN spawned new thread for 0x555555598d93. Total threads in pool: 1
Tue Jul  2 08:13:26 2024 thread 140737354004288 NOTICE MAIN Initializing the thread pool...
Tue Jul  2 08:13:26 2024 thread 140737354004288 NOTICE MAIN spawned new thread for 0x5555556d0266. Total threads in pool: 1
Tue Jul  2 08:13:26 2024 thread 140737354004288 NOTICE MAIN spawned new thread for 0x5555556d0266. Total threads in pool: 2
Tue Jul  2 08:13:26 2024 thread 140737354004288 NOTICE MAIN Initializing the thread pool...
Tue Jul  2 08:13:26 2024 thread 140734752044800 NOTICE DECAP Hi, I'm thread snd_bbframe_thread,threadid:0
Tue Jul  2 08:13:26 2024 thread 140737354004288 NOTICE MAIN spawned new thread for 0x5555556ad556. Total threads in pool: 1
Tue Jul  2 08:25:04 2024 thread 140737354004288 NOTICE MAIN ut release release V0.1.0
Tue Jul  2 08:25:05 2024 thread 140737354004288 NOTICE MAIN Initializing the thread pool...
Tue Jul  2 08:25:05 2024 thread 140737354004288 NOTICE MAIN spawned new thread for 0x5555555a9072. Total threads in pool: 1
Tue Jul  2 08:25:05 2024 thread 140737354004288 NOTICE MAIN Initializing the thread pool...
Tue Jul  2 08:25:05 2024 thread 140734785615616 NOTICE DECAP Hi, I'm thread decapsulate_thread,threadid:0
Tue Jul  2 08:25:05 2024 thread 140737354004288 NOTICE MAIN spawned new thread for 0x555555598d93. Total threads in pool: 1
Tue Jul  2 08:25:05 2024 thread 140737354004288 NOTICE MAIN Initializing the thread pool...
Tue Jul  2 08:25:05 2024 thread 140737354004288 NOTICE MAIN spawned new thread for 0x5555556d0266. Total threads in pool: 1
Tue Jul  2 08:25:05 2024 thread 140737354004288 NOTICE MAIN spawned new thread for 0x5555556d0266. Total threads in pool: 2
Tue Jul  2 08:25:05 2024 thread 140737354004288 NOTICE MAIN Initializing the thread pool...
Tue Jul  2 08:25:05 2024 thread 140737354004288 NOTICE MAIN spawned new thread for 0x5555556ad556. Total threads in pool: 1
Tue Jul  2 08:25:05 2024 thread 140734752044800 NOTICE DECAP Hi, I'm thread snd_bbframe_thread,threadid:0
Tue Jul  2 08:45:21 2024 thread 140734785615616 WARN MAIN free conflict pdu 1
Tue Jul  2 08:45:21 2024 thread 140734785615616 WARN MAIN free conflict pdu 1
Tue Jul  2 08:45:21 2024 thread 140734785615616 WARN MAIN free conflict pdu 1
Wed Jul  3 03:18:22 2024 thread 140737354004288 NOTICE MAIN ut release release V0.1.0
Wed Jul  3 03:18:24 2024 thread 140737354004288 NOTICE MAIN Initializing the thread pool...
Wed Jul  3 03:18:24 2024 thread 140734785615616 NOTICE DECAP Hi, I'm thread decapsulate_thread,threadid:0
Wed Jul  3 03:18:24 2024 thread 140737354004288 NOTICE MAIN spawned new thread for 0x5555555a9072. Total threads in pool: 1
Wed Jul  3 03:18:24 2024 thread 140737354004288 NOTICE MAIN Initializing the thread pool...
Wed Jul  3 03:18:24 2024 thread 140737354004288 NOTICE MAIN spawned new thread for 0x555555598d93. Total threads in pool: 1
Wed Jul  3 03:18:24 2024 thread 140737354004288 NOTICE MAIN Initializing the thread pool...
Wed Jul  3 03:18:24 2024 thread 140737354004288 NOTICE MAIN spawned new thread for 0x5555556d0266. Total threads in pool: 1
Wed Jul  3 03:18:24 2024 thread 140737354004288 NOTICE MAIN spawned new thread for 0x5555556d0266. Total threads in pool: 2
Wed Jul  3 03:18:24 2024 thread 140737354004288 NOTICE MAIN Initializing the thread pool...
Wed Jul  3 03:18:24 2024 thread 140737354004288 NOTICE MAIN spawned new thread for 0x5555556ad556. Total threads in pool: 1
Wed Jul  3 03:18:24 2024 thread 140734752044800 NOTICE DECAP Hi, I'm thread snd_bbframe_thread,threadid:0
Wed Jul  3 05:20:02 2024 thread 140737354004288 NOTICE MAIN ut release release V0.1.0
Wed Jul  3 05:20:03 2024 thread 140737354004288 NOTICE MAIN Initializing the thread pool...
Wed Jul  3 05:20:03 2024 thread 140737354004288 NOTICE MAIN spawned new thread for 0x5555555a9072. Total threads in pool: 1
Wed Jul  3 05:20:03 2024 thread 140737354004288 NOTICE MAIN Initializing the thread pool...
Wed Jul  3 05:20:03 2024 thread 140734785615616 NOTICE DECAP Hi, I'm thread decapsulate_thread,threadid:0
Wed Jul  3 05:20:03 2024 thread 140737354004288 NOTICE MAIN spawned new thread for 0x555555598d93. Total threads in pool: 1
Wed Jul  3 05:20:03 2024 thread 140737354004288 NOTICE MAIN Initializing the thread pool...
Wed Jul  3 05:20:03 2024 thread 140737354004288 NOTICE MAIN spawned new thread for 0x5555556d0266. Total threads in pool: 1
Wed Jul  3 05:20:03 2024 thread 140737354004288 NOTICE MAIN spawned new thread for 0x5555556d0266. Total threads in pool: 2
Wed Jul  3 05:20:03 2024 thread 140737354004288 NOTICE MAIN Initializing the thread pool...
Wed Jul  3 05:20:03 2024 thread 140737354004288 NOTICE MAIN spawned new thread for 0x5555556ad556. Total threads in pool: 1
Wed Jul  3 05:20:03 2024 thread 140734752044800 NOTICE DECAP Hi, I'm thread snd_bbframe_thread,threadid:0
Wed Jul  3 05:25:00 2024 thread 140737354004288 NOTICE MAIN ut release release V0.1.0
Wed Jul  3 05:25:01 2024 thread 140737354004288 NOTICE MAIN Initializing the thread pool...
Wed Jul  3 05:25:01 2024 thread 140734785615616 NOTICE DECAP Hi, I'm thread decapsulate_thread,threadid:0
Wed Jul  3 05:25:01 2024 thread 140737354004288 NOTICE MAIN spawned new thread for 0x5555555a9072. Total threads in pool: 1
Wed Jul  3 05:25:01 2024 thread 140737354004288 NOTICE MAIN Initializing the thread pool...
Wed Jul  3 05:25:01 2024 thread 140737354004288 NOTICE MAIN spawned new thread for 0x555555598d93. Total threads in pool: 1
Wed Jul  3 05:25:01 2024 thread 140737354004288 NOTICE MAIN Initializing the thread pool...
Wed Jul  3 05:25:01 2024 thread 140737354004288 NOTICE MAIN spawned new thread for 0x5555556d0285. Total threads in pool: 1
Wed Jul  3 05:25:01 2024 thread 140737354004288 NOTICE MAIN spawned new thread for 0x5555556d0285. Total threads in pool: 2
Wed Jul  3 05:25:01 2024 thread 140737354004288 NOTICE MAIN Initializing the thread pool...
Wed Jul  3 05:25:01 2024 thread 140737354004288 NOTICE MAIN spawned new thread for 0x5555556ad575. Total threads in pool: 1
Wed Jul  3 05:25:01 2024 thread 140734752044800 NOTICE DECAP Hi, I'm thread snd_bbframe_thread,threadid:0
Wed Jul  3 05:29:47 2024 thread 140737354004288 NOTICE MAIN ut release release V0.1.0
Wed Jul  3 05:29:48 2024 thread 140737354004288 NOTICE MAIN Initializing the thread pool...
Wed Jul  3 05:29:48 2024 thread 140737354004288 NOTICE MAIN spawned new thread for 0x5555555a9072. Total threads in pool: 1
Wed Jul  3 05:29:48 2024 thread 140737354004288 NOTICE MAIN Initializing the thread pool...
Wed Jul  3 05:29:48 2024 thread 140734785615616 NOTICE DECAP Hi, I'm thread decapsulate_thread,threadid:0
Wed Jul  3 05:29:48 2024 thread 140737354004288 NOTICE MAIN spawned new thread for 0x555555598d93. Total threads in pool: 1
Wed Jul  3 05:29:48 2024 thread 140737354004288 NOTICE MAIN Initializing the thread pool...
Wed Jul  3 05:29:48 2024 thread 140737354004288 NOTICE MAIN spawned new thread for 0x5555556d0261. Total threads in pool: 1
Wed Jul  3 05:29:48 2024 thread 140737354004288 NOTICE MAIN spawned new thread for 0x5555556d0261. Total threads in pool: 2
Wed Jul  3 05:29:48 2024 thread 140737354004288 NOTICE MAIN Initializing the thread pool...
Wed Jul  3 05:29:48 2024 thread 140737354004288 NOTICE MAIN spawned new thread for 0x5555556ad551. Total threads in pool: 1
Wed Jul  3 05:29:48 2024 thread 140734752044800 NOTICE DECAP Hi, I'm thread snd_bbframe_thread,threadid:0
